<?xml version="1.0" encoding="UTF-8"?>
<!-- Generated by org.testng.reporters.JUnitXMLReporter -->
<testsuite ignored="0" hostname="IDEAPAD-3SVU5AJ4" failures="0" tests="4" name="add customer test" time="14.033" errors="0" timestamp="2023-08-19T20:27:55 IST">
  <testcase classname="com.sinha.testCases.AddCustomerTest" name="addCustomer" time="3.693"/>
  <testcase classname="com.sinha.testCases.AddCustomerTest" name="addCustomer" time="3.525"/>
  <testcase classname="com.sinha.testCases.AddCustomerTest" name="verifyAddedCustomer" time="3.593"/>
  <testcase classname="com.sinha.testCases.AddCustomerTest" name="verifyAddedCustomer" time="3.196"/>
</testsuite> <!-- add customer test -->
