<?xml version="1.0" encoding="UTF-8"?>
<!-- Generated by org.testng.reporters.JUnitXMLReporter -->
<testsuite ignored="0" hostname="IDEAPAD-3SVU5AJ4" failures="1" tests="1" name="bank manager login test" time="1.534" errors="0" timestamp="2023-08-19T20:27:41 IST">
  <testcase classname="com.sinha.testCases.BankManagerLoginTest" name="bankManagerLogin" time="1.296">
    <failure type="java.lang.AssertionError" message="The following asserts failed:
	The title is : Protractor practice website - Banking App expected [manager] but found [Protractor practice website - Banking App]">
      <![CDATA[java.lang.AssertionError: The following asserts failed:
The title is : Protractor practice website - Banking App expected [manager] but found [Protractor practice website - Banking App]
at com.sinha.testCases.BankManagerLoginTest.bankManagerLogin(BankManagerLoginTest.java:54)
at java.base/java.util.ArrayList.forEach(ArrayList.java:1511)
... Removed 33 stack frames]]>
    </failure>
  </testcase> <!-- bankManagerLogin -->
</testsuite> <!-- bank manager login test -->
