<?xml version="1.0" encoding="UTF-8"?>
<!-- Generated by org.testng.reporters.JUnitXMLReporter -->
<testsuite ignored="0" hostname="IDEAPAD-3SVU5AJ4" failures="0" tests="4" name="open account test" time="1.5" errors="0" timestamp="2023-08-19T20:27:56 IST">
  <testcase classname="com.sinha.testCases.OpenAccountTest" name="openAccountTest" time="0.585"/>
  <testcase classname="com.sinha.testCases.OpenAccountTest" name="openAccountTest" time="0.349"/>
  <testcase classname="com.sinha.testCases.OpenAccountTest" name="verifyAccountId" time="0.347"/>
  <testcase classname="com.sinha.testCases.OpenAccountTest" name="verifyAccountId" time="0.201"/>
</testsuite> <!-- open account test -->
