<?xml version="1.0" encoding="UTF-8"?>
<!-- Generated by org.testng.reporters.JUnitXMLReporter -->
<testsuite ignored="0" hostname="IDEAPAD-3SVU5AJ4" failures="0" tests="4" name="add customer test" time="13.665" errors="0" timestamp="2023-08-09T22:31:52 IST">
  <testcase classname="com.sinha.testCases.AddCustomerTest" name="addCustomer" time="3.462"/>
  <testcase classname="com.sinha.testCases.AddCustomerTest" name="addCustomer" time="3.361"/>
  <testcase classname="com.sinha.testCases.AddCustomerTest" name="verifyAddedCustomer" time="3.572"/>
  <testcase classname="com.sinha.testCases.AddCustomerTest" name="verifyAddedCustomer" time="3.239"/>
</testsuite> <!-- add customer test -->
