<?xml version="1.0" encoding="UTF-8"?>
<!-- Generated by org.testng.reporters.JUnitXMLReporter -->
<testsuite ignored="0" hostname="IDEAPAD-3SVU5AJ4" failures="2" tests="4" name="open account test" time="72.198" errors="0" timestamp="2023-08-09T22:33:04 IST">
  <testcase classname="com.sinha.testCases.OpenAccountTest" name="openAccountTest" time="0.693"/>
  <testcase classname="com.sinha.testCases.OpenAccountTest" name="openAccountTest" time="0.364"/>
  <testcase classname="com.sinha.testCases.OpenAccountTest" name="verifyAccountId" time="35.415">
    <failure type="java.lang.AssertionError" message="Account number is not matched, actual : 1016, expected: 1016">
      <![CDATA[java.lang.AssertionError: Account number is not matched, actual : 1016, expected: 1016
at com.sinha.testCases.OpenAccountTest.verifyAccountId(OpenAccountTest.java:90)
at java.base/java.util.ArrayList.forEach(ArrayList.java:1511)
... Removed 28 stack frames]]>
    </failure>
  </testcase> <!-- verifyAccountId -->
  <testcase classname="com.sinha.testCases.OpenAccountTest" name="verifyAccountId" time="35.334">
    <failure type="java.lang.AssertionError" message="Account number is not matched, actual : 1017, expected: 1017">
      <![CDATA[java.lang.AssertionError: Account number is not matched, actual : 1017, expected: 1017
at com.sinha.testCases.OpenAccountTest.verifyAccountId(OpenAccountTest.java:90)
at java.base/java.util.ArrayList.forEach(ArrayList.java:1511)
... Removed 28 stack frames]]>
    </failure>
  </testcase> <!-- verifyAccountId -->
</testsuite> <!-- open account test -->
