<?xml version="1.0" encoding="UTF-8"?>
<!-- Generated by org.testng.reporters.JUnitXMLReporter -->
<testsuite ignored="0" hostname="IDEAPAD-3SVU5AJ4" failures="1" tests="1" name="Test" time="0.545" errors="0" timestamp="2023-08-05T22:00:22 IST">
  <testcase classname="com.sinha.testCases.LoginTest" name="login" time="0.431">
    <failure type="java.lang.AssertionError" message="Add Customer Button is not present">
      <![CDATA[java.lang.AssertionError: Add Customer Button is not present
at com.sinha.testCases.LoginTest.login(LoginTest.java:34)
at java.base/java.util.ArrayList.forEach(ArrayList.java:1511)
... Removed 28 stack frames]]>
    </failure>
  </testcase> <!-- login -->
</testsuite> <!-- Test -->
