<?xml version="1.0" encoding="UTF-8"?>
<testsuite xmlns:xsi="http://www.w3.org/2001/XMLSchema-instance" xsi:noNamespaceSchemaLocation="https://maven.apache.org/surefire/maven-surefire-plugin/xsd/surefire-test-report-3.0.xsd" version="3.0" name="TestSuite" time="30.661" tests="9" errors="0" skipped="0" failures="1">
  <properties>
[...]
</properties>
  <testcase name="bankManagerLogin" classname="com.sinha.testCases.BankManagerLoginTest" time="1.462">
    <failure message="The following asserts failed:&#10;	The title is : Protractor practice website - Banking App expected [manager] but found [Protractor practice website - Banking App]" type="java.lang.AssertionError"><![CDATA[java.lang.AssertionError: 
The following asserts failed:
	The title is : Protractor practice website - Banking App expected [manager] but found [Protractor practice website - Banking App]
	at org.testng.asserts.SoftAssert.assertAll(SoftAssert.java:46)
	at org.testng.asserts.SoftAssert.assertAll(SoftAssert.java:30)
	at com.sinha.testCases.BankManagerLoginTest.bankManagerLogin(BankManagerLoginTest.java:54)
	at java.base/jdk.internal.reflect.NativeMethodAccessorImpl.invoke0(Native Method)
	at java.base/jdk.internal.reflect.NativeMethodAccessorImpl.invoke(NativeMethodAccessorImpl.java:77)
	at java.base/jdk.internal.reflect.DelegatingMethodAccessorImpl.invoke(DelegatingMethodAccessorImpl.java:43)
	at java.base/java.lang.reflect.Method.invoke(Method.java:568)
	at org.testng.internal.invokers.MethodInvocationHelper.invokeMethod(MethodInvocationHelper.java:139)
	at org.testng.internal.invokers.TestInvoker.invokeMethod(TestInvoker.java:664)
	at org.testng.internal.invokers.TestInvoker.invokeTestMethod(TestInvoker.java:227)
	at org.testng.internal.invokers.MethodRunner.runInSequence(MethodRunner.java:50)
	at org.testng.internal.invokers.TestInvoker$MethodInvocationAgent.invoke(TestInvoker.java:957)
	at org.testng.internal.invokers.TestInvoker.invokeTestMethods(TestInvoker.java:200)
	at org.testng.internal.invokers.TestMethodWorker.invokeTestMethods(TestMethodWorker.java:148)
	at org.testng.internal.invokers.TestMethodWorker.run(TestMethodWorker.java:128)
	at java.base/java.util.ArrayList.forEach(ArrayList.java:1511)
	at org.testng.TestRunner.privateRun(TestRunner.java:848)
	at org.testng.TestRunner.run(TestRunner.java:621)
	at org.testng.SuiteRunner.runTest(SuiteRunner.java:443)
	at org.testng.SuiteRunner.runSequentially(SuiteRunner.java:437)
	at org.testng.SuiteRunner.privateRun(SuiteRunner.java:397)
	at org.testng.SuiteRunner.run(SuiteRunner.java:336)
	at org.testng.SuiteRunnerWorker.runSuite(SuiteRunnerWorker.java:52)
	at org.testng.SuiteRunnerWorker.run(SuiteRunnerWorker.java:95)
	at org.testng.TestNG.runSuitesSequentially(TestNG.java:1280)
	at org.testng.TestNG.runSuitesLocally(TestNG.java:1200)
	at org.testng.TestNG.runSuites(TestNG.java:1114)
	at org.testng.TestNG.run(TestNG.java:1082)
	at org.apache.maven.surefire.testng.TestNGExecutor.run(TestNGExecutor.java:308)
	at org.apache.maven.surefire.testng.TestNGXmlTestSuite.execute(TestNGXmlTestSuite.java:71)
	at org.apache.maven.surefire.testng.TestNGProvider.invoke(TestNGProvider.java:113)
	at org.apache.maven.surefire.booter.ForkedBooter.runSuitesInProcess(ForkedBooter.java:385)
	at org.apache.maven.surefire.booter.ForkedBooter.execute(ForkedBooter.java:162)
	at org.apache.maven.surefire.booter.ForkedBooter.run(ForkedBooter.java:507)
	at org.apache.maven.surefire.booter.ForkedBooter.main(ForkedBooter.java:495)
]]></failure>
    <system-out><![CDATA[edge
]]></system-out>
    <system-err><![CDATA[SLF4J: Failed to load class "org.slf4j.impl.StaticLoggerBinder".
SLF4J: Defaulting to no-operation (NOP) logger implementation
SLF4J: See http://www.slf4j.org/codes.html#StaticLoggerBinder for further details.
]]></system-err>
  </testcase>
  <testcase name="addCustomer[Diptamoy, Sinha, 721507](1)" classname="com.sinha.testCases.AddCustomerTest" time="3.703">
    <system-out><![CDATA[addCustomer 1
]]></system-out>
  </testcase>
  <testcase name="addCustomer[Mark, Hamilton, 500236](2)" classname="com.sinha.testCases.AddCustomerTest" time="3.53">
    <system-out><![CDATA[addCustomer 1
]]></system-out>
  </testcase>
  <testcase name="verifyAddedCustomer[Diptamoy, Sinha, 721507](1)" classname="com.sinha.testCases.AddCustomerTest" time="3.592">
    <system-out><![CDATA[verifyAddedCustomer 1
]]></system-out>
  </testcase>
  <testcase name="verifyAddedCustomer[Mark, Hamilton, 500236](2)" classname="com.sinha.testCases.AddCustomerTest" time="3.201">
    <system-out><![CDATA[verifyAddedCustomer 1
]]></system-out>
  </testcase>
  <testcase name="openAccountTest[Diptamoy, Sinha, 721507](1)" classname="com.sinha.testCases.OpenAccountTest" time="0.59">
    <system-out><![CDATA[openAccountTest 1
]]></system-out>
  </testcase>
  <testcase name="openAccountTest[Mark, Hamilton, 500236](2)" classname="com.sinha.testCases.OpenAccountTest" time="0.349">
    <system-out><![CDATA[openAccountTest 1
]]></system-out>
  </testcase>
  <testcase name="verifyAccountId[Diptamoy, Sinha, 721507](1)" classname="com.sinha.testCases.OpenAccountTest" time="0.347">
    <system-out><![CDATA[E859AB : 721507
E725JB : 721507
E55555 : 721507
E55656 : 721507
E89898 : 721507
721507 : 721507
Inside IF
500236 : 721507
verifyAccountId 1
]]></system-out>
  </testcase>
  <testcase name="verifyAccountId[Mark, Hamilton, 500236](2)" classname="com.sinha.testCases.OpenAccountTest" time="0.201">
    <system-out><![CDATA[E859AB : 500236
E725JB : 500236
E55555 : 500236
E55656 : 500236
E89898 : 500236
721507 : 500236
500236 : 500236
Inside IF
verifyAccountId 1
]]></system-out>
  </testcase>
</testsuite>